c:\users\gabriel\source\repos\nosql-project\src\debug\vc120.pdb
c:\users\gabriel\source\repos\nosql-project\src\debug\vc120.idb
c:\users\gabriel\source\repos\nosql-project\src\debug\aggregator.obj
c:\users\gabriel\source\repos\nosql-project\src\debug\dbms.obj
c:\users\gabriel\source\repos\nosql-project\src\debug\filesystem.obj
c:\users\gabriel\source\repos\nosql-project\src\debug\winmap.obj
c:\users\gabriel\source\repos\nosql-project\src\debug\parser.obj
c:\users\gabriel\source\repos\nosql-project\src\debug\scanner.obj
c:\users\gabriel\source\repos\nosql-project\src\debug\reader.obj
c:\users\gabriel\source\repos\nosql-project\src\debug\linenoise.obj
c:\users\gabriel\source\repos\nosql-project\src\debug\utf8.obj
c:\users\gabriel\source\repos\nosql-project\src\debug\vrbskydb.pdb
c:\users\gabriel\source\repos\nosql-project\src\debug\vrbskydb.tlog\cl.command.1.tlog
c:\users\gabriel\source\repos\nosql-project\src\debug\vrbskydb.tlog\cl.read.1.tlog
c:\users\gabriel\source\repos\nosql-project\src\debug\vrbskydb.tlog\cl.write.1.tlog
c:\users\gabriel\source\repos\nosql-project\src\debug\vrbskydb.tlog\link-cvtres.read.1.tlog
c:\users\gabriel\source\repos\nosql-project\src\debug\vrbskydb.tlog\link-cvtres.write.1.tlog
c:\users\gabriel\source\repos\nosql-project\src\debug\vrbskydb.tlog\link-rc.read.1.tlog
c:\users\gabriel\source\repos\nosql-project\src\debug\vrbskydb.tlog\link-rc.write.1.tlog
c:\users\gabriel\source\repos\nosql-project\src\debug\vrbskydb.tlog\link.command.1.tlog
c:\users\gabriel\source\repos\nosql-project\src\debug\vrbskydb.tlog\link.read.1.tlog
c:\users\gabriel\source\repos\nosql-project\src\debug\vrbskydb.tlog\link.write.1.tlog
